<?xml version="1.0" encoding="UTF-8"?>
<testsuite xmlns:xsi="http://www.w3.org/2001/XMLSchema-instance" xsi:noNamespaceSchemaLocation="https://maven.apache.org/surefire/maven-surefire-plugin/xsd/surefire-test-report.xsd" name="com.example.bag_serve.BagServeApplicationTests" time="2.757" tests="1" errors="0" skipped="0" failures="0">
  <properties>
    <property name="sun.desktop" value="windows"/>
    <property name="awt.toolkit" value="sun.awt.windows.WToolkit"/>
    <property name="file.encoding.pkg" value="sun.io"/>
    <property name="java.specification.version" value="1.8"/>
    <property name="sun.cpu.isalist" value="amd64"/>
    <property name="sun.jnu.encoding" value="GBK"/>
    <property name="java.class.path" value="E:\workspace\idea\bag_serve\target\test-classes;E:\workspace\idea\bag_serve\target\classes;D:\java\maven\maven_repository\org\springframework\boot\spring-boot-starter-web\2.4.4\spring-boot-starter-web-2.4.4.jar;D:\java\maven\maven_repository\org\springframework\boot\spring-boot-starter\2.4.4\spring-boot-starter-2.4.4.jar;D:\java\maven\maven_repository\org\springframework\boot\spring-boot\2.4.4\spring-boot-2.4.4.jar;D:\java\maven\maven_repository\org\springframework\boot\spring-boot-autoconfigure\2.4.4\spring-boot-autoconfigure-2.4.4.jar;D:\java\maven\maven_repository\org\springframework\boot\spring-boot-starter-logging\2.4.4\spring-boot-starter-logging-2.4.4.jar;D:\java\maven\maven_repository\ch\qos\logback\logback-classic\1.2.3\logback-classic-1.2.3.jar;D:\java\maven\maven_repository\ch\qos\logback\logback-core\1.2.3\logback-core-1.2.3.jar;D:\java\maven\maven_repository\org\apache\logging\log4j\log4j-to-slf4j\2.13.3\log4j-to-slf4j-2.13.3.jar;D:\java\maven\maven_repository\org\apache\logging\log4j\log4j-api\2.13.3\log4j-api-2.13.3.jar;D:\java\maven\maven_repository\org\slf4j\jul-to-slf4j\1.7.30\jul-to-slf4j-1.7.30.jar;D:\java\maven\maven_repository\jakarta\annotation\jakarta.annotation-api\1.3.5\jakarta.annotation-api-1.3.5.jar;D:\java\maven\maven_repository\org\yaml\snakeyaml\1.27\snakeyaml-1.27.jar;D:\java\maven\maven_repository\org\springframework\boot\spring-boot-starter-json\2.4.4\spring-boot-starter-json-2.4.4.jar;D:\java\maven\maven_repository\com\fasterxml\jackson\core\jackson-databind\2.11.4\jackson-databind-2.11.4.jar;D:\java\maven\maven_repository\com\fasterxml\jackson\core\jackson-annotations\2.11.4\jackson-annotations-2.11.4.jar;D:\java\maven\maven_repository\com\fasterxml\jackson\core\jackson-core\2.11.4\jackson-core-2.11.4.jar;D:\java\maven\maven_repository\com\fasterxml\jackson\datatype\jackson-datatype-jdk8\2.11.4\jackson-datatype-jdk8-2.11.4.jar;D:\java\maven\maven_repository\com\fasterxml\jackson\datatype\jackson-datatype-jsr310\2.11.4\jackson-datatype-jsr310-2.11.4.jar;D:\java\maven\maven_repository\com\fasterxml\jackson\module\jackson-module-parameter-names\2.11.4\jackson-module-parameter-names-2.11.4.jar;D:\java\maven\maven_repository\org\springframework\boot\spring-boot-starter-tomcat\2.4.4\spring-boot-starter-tomcat-2.4.4.jar;D:\java\maven\maven_repository\org\apache\tomcat\embed\tomcat-embed-core\9.0.44\tomcat-embed-core-9.0.44.jar;D:\java\maven\maven_repository\org\glassfish\jakarta.el\3.0.3\jakarta.el-3.0.3.jar;D:\java\maven\maven_repository\org\apache\tomcat\embed\tomcat-embed-websocket\9.0.44\tomcat-embed-websocket-9.0.44.jar;D:\java\maven\maven_repository\org\springframework\spring-web\5.3.5\spring-web-5.3.5.jar;D:\java\maven\maven_repository\org\springframework\spring-beans\5.3.5\spring-beans-5.3.5.jar;D:\java\maven\maven_repository\org\springframework\spring-webmvc\5.3.5\spring-webmvc-5.3.5.jar;D:\java\maven\maven_repository\org\springframework\spring-aop\5.3.5\spring-aop-5.3.5.jar;D:\java\maven\maven_repository\org\springframework\spring-context\5.3.5\spring-context-5.3.5.jar;D:\java\maven\maven_repository\org\springframework\spring-expression\5.3.5\spring-expression-5.3.5.jar;D:\java\maven\maven_repository\mysql\mysql-connector-java\8.0.23\mysql-connector-java-8.0.23.jar;D:\java\maven\maven_repository\org\projectlombok\lombok\1.18.18\lombok-1.18.18.jar;D:\java\maven\maven_repository\com\alibaba\fastjson\1.2.47\fastjson-1.2.47.jar;D:\java\maven\maven_repository\org\springframework\boot\spring-boot-starter-test\2.4.4\spring-boot-starter-test-2.4.4.jar;D:\java\maven\maven_repository\org\springframework\boot\spring-boot-test\2.4.4\spring-boot-test-2.4.4.jar;D:\java\maven\maven_repository\org\springframework\boot\spring-boot-test-autoconfigure\2.4.4\spring-boot-test-autoconfigure-2.4.4.jar;D:\java\maven\maven_repository\com\jayway\jsonpath\json-path\2.4.0\json-path-2.4.0.jar;D:\java\maven\maven_repository\net\minidev\json-smart\2.3\json-smart-2.3.jar;D:\java\maven\maven_repository\net\minidev\accessors-smart\1.2\accessors-smart-1.2.jar;D:\java\maven\maven_repository\org\ow2\asm\asm\5.0.4\asm-5.0.4.jar;D:\java\maven\maven_repository\org\slf4j\slf4j-api\1.7.30\slf4j-api-1.7.30.jar;D:\java\maven\maven_repository\jakarta\xml\bind\jakarta.xml.bind-api\2.3.3\jakarta.xml.bind-api-2.3.3.jar;D:\java\maven\maven_repository\jakarta\activation\jakarta.activation-api\1.2.2\jakarta.activation-api-1.2.2.jar;D:\java\maven\maven_repository\org\assertj\assertj-core\3.18.1\assertj-core-3.18.1.jar;D:\java\maven\maven_repository\org\hamcrest\hamcrest\2.2\hamcrest-2.2.jar;D:\java\maven\maven_repository\org\junit\jupiter\junit-jupiter\5.7.1\junit-jupiter-5.7.1.jar;D:\java\maven\maven_repository\org\junit\jupiter\junit-jupiter-api\5.7.1\junit-jupiter-api-5.7.1.jar;D:\java\maven\maven_repository\org\apiguardian\apiguardian-api\1.1.0\apiguardian-api-1.1.0.jar;D:\java\maven\maven_repository\org\opentest4j\opentest4j\1.2.0\opentest4j-1.2.0.jar;D:\java\maven\maven_repository\org\junit\platform\junit-platform-commons\1.7.1\junit-platform-commons-1.7.1.jar;D:\java\maven\maven_repository\org\junit\jupiter\junit-jupiter-params\5.7.1\junit-jupiter-params-5.7.1.jar;D:\java\maven\maven_repository\org\junit\jupiter\junit-jupiter-engine\5.7.1\junit-jupiter-engine-5.7.1.jar;D:\java\maven\maven_repository\org\junit\platform\junit-platform-engine\1.7.1\junit-platform-engine-1.7.1.jar;D:\java\maven\maven_repository\org\mockito\mockito-core\3.6.28\mockito-core-3.6.28.jar;D:\java\maven\maven_repository\net\bytebuddy\byte-buddy\1.10.22\byte-buddy-1.10.22.jar;D:\java\maven\maven_repository\net\bytebuddy\byte-buddy-agent\1.10.22\byte-buddy-agent-1.10.22.jar;D:\java\maven\maven_repository\org\objenesis\objenesis\3.1\objenesis-3.1.jar;D:\java\maven\maven_repository\org\mockito\mockito-junit-jupiter\3.6.28\mockito-junit-jupiter-3.6.28.jar;D:\java\maven\maven_repository\org\skyscreamer\jsonassert\1.5.0\jsonassert-1.5.0.jar;D:\java\maven\maven_repository\com\vaadin\external\google\android-json\0.0.20131108.vaadin1\android-json-0.0.20131108.vaadin1.jar;D:\java\maven\maven_repository\org\springframework\spring-core\5.3.5\spring-core-5.3.5.jar;D:\java\maven\maven_repository\org\springframework\spring-jcl\5.3.5\spring-jcl-5.3.5.jar;D:\java\maven\maven_repository\org\springframework\spring-test\5.3.5\spring-test-5.3.5.jar;D:\java\maven\maven_repository\org\xmlunit\xmlunit-core\2.7.0\xmlunit-core-2.7.0.jar;D:\java\maven\maven_repository\org\apache\poi\poi\3.10.1\poi-3.10.1.jar;D:\java\maven\maven_repository\commons-codec\commons-codec\1.15\commons-codec-1.15.jar;D:\java\maven\maven_repository\org\apache\poi\poi-ooxml\3.10.1\poi-ooxml-3.10.1.jar;D:\java\maven\maven_repository\org\apache\poi\poi-ooxml-schemas\3.10.1\poi-ooxml-schemas-3.10.1.jar;D:\java\maven\maven_repository\org\apache\xmlbeans\xmlbeans\2.6.0\xmlbeans-2.6.0.jar;D:\java\maven\maven_repository\stax\stax-api\1.0.1\stax-api-1.0.1.jar;D:\java\maven\maven_repository\dom4j\dom4j\1.6.1\dom4j-1.6.1.jar;D:\java\maven\maven_repository\xml-apis\xml-apis\1.0.b2\xml-apis-1.0.b2.jar;"/>
    <property name="java.vm.vendor" value="Oracle Corporation"/>
    <property name="sun.arch.data.model" value="64"/>
    <property name="user.variant" value=""/>
    <property name="java.vendor.url" value="http://java.oracle.com/"/>
    <property name="user.timezone" value="Asia/Shanghai"/>
    <property name="java.vm.specification.version" value="1.8"/>
    <property name="os.name" value="Windows 10"/>
    <property name="user.country" value="CN"/>
    <property name="sun.java.launcher" value="SUN_STANDARD"/>
    <property name="sun.boot.library.path" value="D:\java\jdk1.8.0_191\jre\bin"/>
    <property name="sun.java.command" value="C:\Users\CHANGL~1\AppData\Local\Temp\surefire5111263889668240093\surefirebooter6929402984446083803.jar C:\Users\changlonglong\AppData\Local\Temp\surefire5111263889668240093 2021-03-30T22-33-43_945-jvmRun1 surefire4592645888939221471tmp surefire_04106030106443263943tmp"/>
    <property name="surefire.test.class.path" value="E:\workspace\idea\bag_serve\target\test-classes;E:\workspace\idea\bag_serve\target\classes;D:\java\maven\maven_repository\org\springframework\boot\spring-boot-starter-web\2.4.4\spring-boot-starter-web-2.4.4.jar;D:\java\maven\maven_repository\org\springframework\boot\spring-boot-starter\2.4.4\spring-boot-starter-2.4.4.jar;D:\java\maven\maven_repository\org\springframework\boot\spring-boot\2.4.4\spring-boot-2.4.4.jar;D:\java\maven\maven_repository\org\springframework\boot\spring-boot-autoconfigure\2.4.4\spring-boot-autoconfigure-2.4.4.jar;D:\java\maven\maven_repository\org\springframework\boot\spring-boot-starter-logging\2.4.4\spring-boot-starter-logging-2.4.4.jar;D:\java\maven\maven_repository\ch\qos\logback\logback-classic\1.2.3\logback-classic-1.2.3.jar;D:\java\maven\maven_repository\ch\qos\logback\logback-core\1.2.3\logback-core-1.2.3.jar;D:\java\maven\maven_repository\org\apache\logging\log4j\log4j-to-slf4j\2.13.3\log4j-to-slf4j-2.13.3.jar;D:\java\maven\maven_repository\org\apache\logging\log4j\log4j-api\2.13.3\log4j-api-2.13.3.jar;D:\java\maven\maven_repository\org\slf4j\jul-to-slf4j\1.7.30\jul-to-slf4j-1.7.30.jar;D:\java\maven\maven_repository\jakarta\annotation\jakarta.annotation-api\1.3.5\jakarta.annotation-api-1.3.5.jar;D:\java\maven\maven_repository\org\yaml\snakeyaml\1.27\snakeyaml-1.27.jar;D:\java\maven\maven_repository\org\springframework\boot\spring-boot-starter-json\2.4.4\spring-boot-starter-json-2.4.4.jar;D:\java\maven\maven_repository\com\fasterxml\jackson\core\jackson-databind\2.11.4\jackson-databind-2.11.4.jar;D:\java\maven\maven_repository\com\fasterxml\jackson\core\jackson-annotations\2.11.4\jackson-annotations-2.11.4.jar;D:\java\maven\maven_repository\com\fasterxml\jackson\core\jackson-core\2.11.4\jackson-core-2.11.4.jar;D:\java\maven\maven_repository\com\fasterxml\jackson\datatype\jackson-datatype-jdk8\2.11.4\jackson-datatype-jdk8-2.11.4.jar;D:\java\maven\maven_repository\com\fasterxml\jackson\datatype\jackson-datatype-jsr310\2.11.4\jackson-datatype-jsr310-2.11.4.jar;D:\java\maven\maven_repository\com\fasterxml\jackson\module\jackson-module-parameter-names\2.11.4\jackson-module-parameter-names-2.11.4.jar;D:\java\maven\maven_repository\org\springframework\boot\spring-boot-starter-tomcat\2.4.4\spring-boot-starter-tomcat-2.4.4.jar;D:\java\maven\maven_repository\org\apache\tomcat\embed\tomcat-embed-core\9.0.44\tomcat-embed-core-9.0.44.jar;D:\java\maven\maven_repository\org\glassfish\jakarta.el\3.0.3\jakarta.el-3.0.3.jar;D:\java\maven\maven_repository\org\apache\tomcat\embed\tomcat-embed-websocket\9.0.44\tomcat-embed-websocket-9.0.44.jar;D:\java\maven\maven_repository\org\springframework\spring-web\5.3.5\spring-web-5.3.5.jar;D:\java\maven\maven_repository\org\springframework\spring-beans\5.3.5\spring-beans-5.3.5.jar;D:\java\maven\maven_repository\org\springframework\spring-webmvc\5.3.5\spring-webmvc-5.3.5.jar;D:\java\maven\maven_repository\org\springframework\spring-aop\5.3.5\spring-aop-5.3.5.jar;D:\java\maven\maven_repository\org\springframework\spring-context\5.3.5\spring-context-5.3.5.jar;D:\java\maven\maven_repository\org\springframework\spring-expression\5.3.5\spring-expression-5.3.5.jar;D:\java\maven\maven_repository\mysql\mysql-connector-java\8.0.23\mysql-connector-java-8.0.23.jar;D:\java\maven\maven_repository\org\projectlombok\lombok\1.18.18\lombok-1.18.18.jar;D:\java\maven\maven_repository\com\alibaba\fastjson\1.2.47\fastjson-1.2.47.jar;D:\java\maven\maven_repository\org\springframework\boot\spring-boot-starter-test\2.4.4\spring-boot-starter-test-2.4.4.jar;D:\java\maven\maven_repository\org\springframework\boot\spring-boot-test\2.4.4\spring-boot-test-2.4.4.jar;D:\java\maven\maven_repository\org\springframework\boot\spring-boot-test-autoconfigure\2.4.4\spring-boot-test-autoconfigure-2.4.4.jar;D:\java\maven\maven_repository\com\jayway\jsonpath\json-path\2.4.0\json-path-2.4.0.jar;D:\java\maven\maven_repository\net\minidev\json-smart\2.3\json-smart-2.3.jar;D:\java\maven\maven_repository\net\minidev\accessors-smart\1.2\accessors-smart-1.2.jar;D:\java\maven\maven_repository\org\ow2\asm\asm\5.0.4\asm-5.0.4.jar;D:\java\maven\maven_repository\org\slf4j\slf4j-api\1.7.30\slf4j-api-1.7.30.jar;D:\java\maven\maven_repository\jakarta\xml\bind\jakarta.xml.bind-api\2.3.3\jakarta.xml.bind-api-2.3.3.jar;D:\java\maven\maven_repository\jakarta\activation\jakarta.activation-api\1.2.2\jakarta.activation-api-1.2.2.jar;D:\java\maven\maven_repository\org\assertj\assertj-core\3.18.1\assertj-core-3.18.1.jar;D:\java\maven\maven_repository\org\hamcrest\hamcrest\2.2\hamcrest-2.2.jar;D:\java\maven\maven_repository\org\junit\jupiter\junit-jupiter\5.7.1\junit-jupiter-5.7.1.jar;D:\java\maven\maven_repository\org\junit\jupiter\junit-jupiter-api\5.7.1\junit-jupiter-api-5.7.1.jar;D:\java\maven\maven_repository\org\apiguardian\apiguardian-api\1.1.0\apiguardian-api-1.1.0.jar;D:\java\maven\maven_repository\org\opentest4j\opentest4j\1.2.0\opentest4j-1.2.0.jar;D:\java\maven\maven_repository\org\junit\platform\junit-platform-commons\1.7.1\junit-platform-commons-1.7.1.jar;D:\java\maven\maven_repository\org\junit\jupiter\junit-jupiter-params\5.7.1\junit-jupiter-params-5.7.1.jar;D:\java\maven\maven_repository\org\junit\jupiter\junit-jupiter-engine\5.7.1\junit-jupiter-engine-5.7.1.jar;D:\java\maven\maven_repository\org\junit\platform\junit-platform-engine\1.7.1\junit-platform-engine-1.7.1.jar;D:\java\maven\maven_repository\org\mockito\mockito-core\3.6.28\mockito-core-3.6.28.jar;D:\java\maven\maven_repository\net\bytebuddy\byte-buddy\1.10.22\byte-buddy-1.10.22.jar;D:\java\maven\maven_repository\net\bytebuddy\byte-buddy-agent\1.10.22\byte-buddy-agent-1.10.22.jar;D:\java\maven\maven_repository\org\objenesis\objenesis\3.1\objenesis-3.1.jar;D:\java\maven\maven_repository\org\mockito\mockito-junit-jupiter\3.6.28\mockito-junit-jupiter-3.6.28.jar;D:\java\maven\maven_repository\org\skyscreamer\jsonassert\1.5.0\jsonassert-1.5.0.jar;D:\java\maven\maven_repository\com\vaadin\external\google\android-json\0.0.20131108.vaadin1\android-json-0.0.20131108.vaadin1.jar;D:\java\maven\maven_repository\org\springframework\spring-core\5.3.5\spring-core-5.3.5.jar;D:\java\maven\maven_repository\org\springframework\spring-jcl\5.3.5\spring-jcl-5.3.5.jar;D:\java\maven\maven_repository\org\springframework\spring-test\5.3.5\spring-test-5.3.5.jar;D:\java\maven\maven_repository\org\xmlunit\xmlunit-core\2.7.0\xmlunit-core-2.7.0.jar;D:\java\maven\maven_repository\org\apache\poi\poi\3.10.1\poi-3.10.1.jar;D:\java\maven\maven_repository\commons-codec\commons-codec\1.15\commons-codec-1.15.jar;D:\java\maven\maven_repository\org\apache\poi\poi-ooxml\3.10.1\poi-ooxml-3.10.1.jar;D:\java\maven\maven_repository\org\apache\poi\poi-ooxml-schemas\3.10.1\poi-ooxml-schemas-3.10.1.jar;D:\java\maven\maven_repository\org\apache\xmlbeans\xmlbeans\2.6.0\xmlbeans-2.6.0.jar;D:\java\maven\maven_repository\stax\stax-api\1.0.1\stax-api-1.0.1.jar;D:\java\maven\maven_repository\dom4j\dom4j\1.6.1\dom4j-1.6.1.jar;D:\java\maven\maven_repository\xml-apis\xml-apis\1.0.b2\xml-apis-1.0.b2.jar;"/>
    <property name="sun.cpu.endian" value="little"/>
    <property name="user.home" value="C:\Users\changlonglong"/>
    <property name="user.language" value="zh"/>
    <property name="java.specification.vendor" value="Oracle Corporation"/>
    <property name="java.home" value="D:\java\jdk1.8.0_191\jre"/>
    <property name="basedir" value="E:\workspace\idea\bag_serve"/>
    <property name="file.separator" value="\"/>
    <property name="line.separator" value="&#10;"/>
    <property name="java.vm.specification.vendor" value="Oracle Corporation"/>
    <property name="java.specification.name" value="Java Platform API Specification"/>
    <property name="java.awt.graphicsenv" value="sun.awt.Win32GraphicsEnvironment"/>
    <property name="surefire.real.class.path" value="C:\Users\CHANGL~1\AppData\Local\Temp\surefire5111263889668240093\surefirebooter6929402984446083803.jar"/>
    <property name="sun.boot.class.path" value="D:\java\jdk1.8.0_191\jre\lib\resources.jar;D:\java\jdk1.8.0_191\jre\lib\rt.jar;D:\java\jdk1.8.0_191\jre\lib\sunrsasign.jar;D:\java\jdk1.8.0_191\jre\lib\jsse.jar;D:\java\jdk1.8.0_191\jre\lib\jce.jar;D:\java\jdk1.8.0_191\jre\lib\charsets.jar;D:\java\jdk1.8.0_191\jre\lib\jfr.jar;D:\java\jdk1.8.0_191\jre\classes"/>
    <property name="user.script" value=""/>
    <property name="sun.management.compiler" value="HotSpot 64-Bit Tiered Compilers"/>
    <property name="java.runtime.version" value="1.8.0_191-b12"/>
    <property name="user.name" value="changlonglong"/>
    <property name="path.separator" value=";"/>
    <property name="os.version" value="10.0"/>
    <property name="java.endorsed.dirs" value="D:\java\jdk1.8.0_191\jre\lib\endorsed"/>
    <property name="java.runtime.name" value="Java(TM) SE Runtime Environment"/>
    <property name="file.encoding" value="GBK"/>
    <property name="java.vm.name" value="Java HotSpot(TM) 64-Bit Server VM"/>
    <property name="localRepository" value="D:\java\maven\maven_repository"/>
    <property name="java.vendor.url.bug" value="http://bugreport.sun.com/bugreport/"/>
    <property name="java.io.tmpdir" value="C:\Users\CHANGL~1\AppData\Local\Temp\"/>
    <property name="java.version" value="1.8.0_191"/>
    <property name="user.dir" value="E:\workspace\idea\bag_serve"/>
    <property name="os.arch" value="amd64"/>
    <property name="java.vm.specification.name" value="Java Virtual Machine Specification"/>
    <property name="java.awt.printerjob" value="sun.awt.windows.WPrinterJob"/>
    <property name="sun.os.patch.level" value=""/>
    <property name="idea.version2019.3.3" value="true"/>
    <property name="java.library.path" value="D:\java\jdk1.8.0_191\jre\bin;C:\WINDOWS\Sun\Java\bin;C:\WINDOWS\system32;C:\WINDOWS;E:\software\vmware\bin\;C:\WINDOWS\system32;C:\WINDOWS;C:\WINDOWS\System32\Wbem;C:\WINDOWS\System32\WindowsPowerShell\v1.0\;C:\WINDOWS\System32\OpenSSH\;D:\java\jdk1.8.0_191\bin;D:\java\maven\apache-maven-3.5.2\bin;D:\java\TDM-GCC-64\bin;D:\java\nodejs\node_global;D:\java\nodejs\;D:\java\Git\cmd;D:\python\Scripts\;D:\python\;C:\Users\changlonglong\AppData\Local\Microsoft\WindowsApps;;E:\software\Microsoft VS Code\bin;E:\software\IntelliJ IDEA 2019.3.3\bin;;C:\Users\changlonglong\AppData\Roaming\npm;E:\software\PyCharm 2020.1.1\bin;;."/>
    <property name="java.vm.info" value="mixed mode"/>
    <property name="java.vendor" value="Oracle Corporation"/>
    <property name="java.vm.version" value="25.191-b12"/>
    <property name="java.ext.dirs" value="D:\java\jdk1.8.0_191\jre\lib\ext;C:\WINDOWS\Sun\Java\lib\ext"/>
    <property name="sun.io.unicode.encoding" value="UnicodeLittle"/>
    <property name="maven.repo.local" value="D:\java\maven\maven_repository"/>
    <property name="java.class.version" value="52.0"/>
  </properties>
  <testcase name="contextLoads" classname="com.example.bag_serve.BagServeApplicationTests" time="0.2"/>
</testsuite>